<?xml version="1.0" encoding="UTF-8"?>
<testsuite xmlns:xsi="http://www.w3.org/2001/XMLSchema-instance" xsi:noNamespaceSchemaLocation="https://maven.apache.org/surefire/maven-surefire-plugin/xsd/surefire-test-report.xsd" name="com.mavenDemo.AppTest" time="0.027" tests="1" errors="0" skipped="0" failures="0">
  <properties>
    <property name="sun.desktop" value="windows"/>
    <property name="awt.toolkit" value="sun.awt.windows.WToolkit"/>
    <property name="file.encoding.pkg" value="sun.io"/>
    <property name="java.specification.version" value="1.8"/>
    <property name="sun.cpu.isalist" value="amd64"/>
    <property name="sun.jnu.encoding" value="Cp1252"/>
    <property name="java.class.path" value="D:\Wissen\workspace\sts_workspace\mavenDemo\target\test-classes;D:\Wissen\workspace\sts_workspace\mavenDemo\target\classes;C:\Users\User\.m2\repository\junit\junit\4.11\junit-4.11.jar;C:\Users\User\.m2\repository\org\hamcrest\hamcrest-core\1.3\hamcrest-core-1.3.jar;C:\Users\User\.m2\repository\org\apache\tomcat\tomcat-jasper\9.0.63\tomcat-jasper-9.0.63.jar;C:\Users\User\.m2\repository\org\apache\tomcat\tomcat-servlet-api\9.0.63\tomcat-servlet-api-9.0.63.jar;C:\Users\User\.m2\repository\org\apache\tomcat\tomcat-juli\9.0.63\tomcat-juli-9.0.63.jar;C:\Users\User\.m2\repository\org\apache\tomcat\tomcat-jsp-api\9.0.63\tomcat-jsp-api-9.0.63.jar;C:\Users\User\.m2\repository\org\apache\tomcat\tomcat-el-api\9.0.63\tomcat-el-api-9.0.63.jar;C:\Users\User\.m2\repository\org\eclipse\jdt\ecj\3.26.0\ecj-3.26.0.jar;C:\Users\User\.m2\repository\org\apache\tomcat\tomcat-jasper-el\9.0.63\tomcat-jasper-el-9.0.63.jar;C:\Users\User\.m2\repository\org\apache\tomcat\tomcat-api\9.0.63\tomcat-api-9.0.63.jar;C:\Users\User\.m2\repository\org\apache\tomcat\tomcat-util-scan\9.0.63\tomcat-util-scan-9.0.63.jar;C:\Users\User\.m2\repository\org\apache\tomcat\tomcat-util\9.0.63\tomcat-util-9.0.63.jar;C:\Users\User\.m2\repository\org\springframework\spring-webmvc\5.3.20\spring-webmvc-5.3.20.jar;C:\Users\User\.m2\repository\org\springframework\spring-beans\5.3.20\spring-beans-5.3.20.jar;C:\Users\User\.m2\repository\org\springframework\spring-core\5.3.20\spring-core-5.3.20.jar;C:\Users\User\.m2\repository\org\springframework\spring-jcl\5.3.20\spring-jcl-5.3.20.jar;C:\Users\User\.m2\repository\org\springframework\spring-web\5.3.20\spring-web-5.3.20.jar;"/>
    <property name="java.vm.vendor" value="Oracle Corporation"/>
    <property name="sun.arch.data.model" value="64"/>
    <property name="user.variant" value=""/>
    <property name="java.vendor.url" value="http://java.oracle.com/"/>
    <property name="user.timezone" value="Asia/Calcutta"/>
    <property name="java.vm.specification.version" value="1.8"/>
    <property name="os.name" value="Windows 10"/>
    <property name="user.country" value="IN"/>
    <property name="sun.java.launcher" value="SUN_STANDARD"/>
    <property name="sun.boot.library.path" value="C:\Program Files\Java\jre1.8.0_311\bin"/>
    <property name="sun.java.command" value="C:\Users\User\AppData\Local\Temp\surefire682561288206871939\surefirebooter8379245451441066909.jar C:\Users\User\AppData\Local\Temp\surefire682561288206871939 2022-06-09T10-18-52_043-jvmRun1 surefire7809077903330525299tmp surefire_07352599907590463648tmp"/>
    <property name="surefire.test.class.path" value="D:\Wissen\workspace\sts_workspace\mavenDemo\target\test-classes;D:\Wissen\workspace\sts_workspace\mavenDemo\target\classes;C:\Users\User\.m2\repository\junit\junit\4.11\junit-4.11.jar;C:\Users\User\.m2\repository\org\hamcrest\hamcrest-core\1.3\hamcrest-core-1.3.jar;C:\Users\User\.m2\repository\org\apache\tomcat\tomcat-jasper\9.0.63\tomcat-jasper-9.0.63.jar;C:\Users\User\.m2\repository\org\apache\tomcat\tomcat-servlet-api\9.0.63\tomcat-servlet-api-9.0.63.jar;C:\Users\User\.m2\repository\org\apache\tomcat\tomcat-juli\9.0.63\tomcat-juli-9.0.63.jar;C:\Users\User\.m2\repository\org\apache\tomcat\tomcat-jsp-api\9.0.63\tomcat-jsp-api-9.0.63.jar;C:\Users\User\.m2\repository\org\apache\tomcat\tomcat-el-api\9.0.63\tomcat-el-api-9.0.63.jar;C:\Users\User\.m2\repository\org\eclipse\jdt\ecj\3.26.0\ecj-3.26.0.jar;C:\Users\User\.m2\repository\org\apache\tomcat\tomcat-jasper-el\9.0.63\tomcat-jasper-el-9.0.63.jar;C:\Users\User\.m2\repository\org\apache\tomcat\tomcat-api\9.0.63\tomcat-api-9.0.63.jar;C:\Users\User\.m2\repository\org\apache\tomcat\tomcat-util-scan\9.0.63\tomcat-util-scan-9.0.63.jar;C:\Users\User\.m2\repository\org\apache\tomcat\tomcat-util\9.0.63\tomcat-util-9.0.63.jar;C:\Users\User\.m2\repository\org\springframework\spring-webmvc\5.3.20\spring-webmvc-5.3.20.jar;C:\Users\User\.m2\repository\org\springframework\spring-beans\5.3.20\spring-beans-5.3.20.jar;C:\Users\User\.m2\repository\org\springframework\spring-core\5.3.20\spring-core-5.3.20.jar;C:\Users\User\.m2\repository\org\springframework\spring-jcl\5.3.20\spring-jcl-5.3.20.jar;C:\Users\User\.m2\repository\org\springframework\spring-web\5.3.20\spring-web-5.3.20.jar;"/>
    <property name="sun.cpu.endian" value="little"/>
    <property name="user.home" value="C:\Users\User"/>
    <property name="user.language" value="en"/>
    <property name="java.specification.vendor" value="Oracle Corporation"/>
    <property name="java.home" value="C:\Program Files\Java\jre1.8.0_311"/>
    <property name="basedir" value="D:\Wissen\workspace\sts_workspace\mavenDemo"/>
    <property name="file.separator" value="\"/>
    <property name="line.separator" value="&#10;"/>
    <property name="java.vm.specification.vendor" value="Oracle Corporation"/>
    <property name="java.specification.name" value="Java Platform API Specification"/>
    <property name="java.awt.graphicsenv" value="sun.awt.Win32GraphicsEnvironment"/>
    <property name="surefire.real.class.path" value="C:\Users\User\AppData\Local\Temp\surefire682561288206871939\surefirebooter8379245451441066909.jar"/>
    <property name="sun.boot.class.path" value="C:\Program Files\Java\jre1.8.0_311\lib\resources.jar;C:\Program Files\Java\jre1.8.0_311\lib\rt.jar;C:\Program Files\Java\jre1.8.0_311\lib\sunrsasign.jar;C:\Program Files\Java\jre1.8.0_311\lib\jsse.jar;C:\Program Files\Java\jre1.8.0_311\lib\jce.jar;C:\Program Files\Java\jre1.8.0_311\lib\charsets.jar;C:\Program Files\Java\jre1.8.0_311\lib\jfr.jar;C:\Program Files\Java\jre1.8.0_311\classes"/>
    <property name="user.script" value=""/>
    <property name="sun.management.compiler" value="HotSpot 64-Bit Tiered Compilers"/>
    <property name="java.runtime.version" value="1.8.0_311-b11"/>
    <property name="user.name" value="User"/>
    <property name="path.separator" value=";"/>
    <property name="os.version" value="10.0"/>
    <property name="java.endorsed.dirs" value="C:\Program Files\Java\jre1.8.0_311\lib\endorsed"/>
    <property name="java.runtime.name" value="Java(TM) SE Runtime Environment"/>
    <property name="file.encoding" value="Cp1252"/>
    <property name="java.vm.name" value="Java HotSpot(TM) 64-Bit Server VM"/>
    <property name="localRepository" value="C:\Users\User\.m2\repository"/>
    <property name="java.vendor.url.bug" value="http://bugreport.sun.com/bugreport/"/>
    <property name="java.io.tmpdir" value="C:\Users\User\AppData\Local\Temp\"/>
    <property name="java.version" value="1.8.0_311"/>
    <property name="user.dir" value="D:\Wissen\workspace\sts_workspace\mavenDemo"/>
    <property name="os.arch" value="amd64"/>
    <property name="java.vm.specification.name" value="Java Virtual Machine Specification"/>
    <property name="java.awt.printerjob" value="sun.awt.windows.WPrinterJob"/>
    <property name="sun.os.patch.level" value=""/>
    <property name="java.library.path" value="C:\Program Files\Java\jre1.8.0_311\bin;C:\Windows\Sun\Java\bin;C:\Windows\system32;C:\Windows;C:\oraclexe\app\oracle\product\11.2.0\server\bin;C:\Program Files (x86)\Common Files\Oracle\Java\javapath;C:\Windows\system32;C:\Windows;C:\Windows\System32\Wbem;C:\Windows\System32\WindowsPowerShell\v1.0\;C:\Windows\System32\OpenSSH\;C:\Program Files\Git\cmd;D:\Wissen\Softwares\apache-maven-3.8.5\bin;C:\Users\User\AppData\Local\Microsoft\WindowsApps;;."/>
    <property name="java.vm.info" value="mixed mode"/>
    <property name="java.vendor" value="Oracle Corporation"/>
    <property name="java.vm.version" value="25.311-b11"/>
    <property name="java.ext.dirs" value="C:\Program Files\Java\jre1.8.0_311\lib\ext;C:\Windows\Sun\Java\lib\ext"/>
    <property name="sun.io.unicode.encoding" value="UnicodeLittle"/>
    <property name="java.class.version" value="52.0"/>
  </properties>
  <testcase name="shouldAnswerWithTrue" classname="com.mavenDemo.AppTest" time="0.002"/>
</testsuite>